<?xml version="1.0" encoding="UTF-8"?>
<testsuite name="gctk.geochemtk.GeoChemTKTest" tests="3" skipped="0" failures="0" errors="0" timestamp="2021-10-18T01:21:26" hostname="DESKTOP-B31PRP8" time="0.016">
  <properties/>
  <testcase name="testOne()" classname="gctk.geochemtk.GeoChemTKTest" time="0.012"/>
  <testcase name="testTwo()" classname="gctk.geochemtk.GeoChemTKTest" time="0.002"/>
  <testcase name="testThree()" classname="gctk.geochemtk.GeoChemTKTest" time="0.001"/>
  <system-out><![CDATA[]]></system-out>
  <system-err><![CDATA[]]></system-err>
</testsuite>
